<?xml version="1.0" encoding="UTF-8"?>
<!-- Generated by org.testng.reporters.JUnitReportReporter -->
<testsuite hostname="DESKTOP-I4C3MPR" failures="0" tests="1" name="com.Blackthron.web.allScripts.class1" time="43.124" errors="0" timestamp="2022-12-13T17:34:32 IST" skipped="0">
  <testcase classname="com.Blackthron.web.allScripts.class1" name="Lauchbrowser" time="43.124"/>
  <system-out/>
</testsuite> <!-- com.Blackthron.web.allScripts.class1 -->
