<?xml version="1.0" encoding="UTF-8"?>
<!-- Generated by org.testng.reporters.JUnitReportReporter -->
<testsuite hostname="DESKTOP-9PHP215" failures="0" tests="1" name="com.Blackthron.web.allScripts.class1" time="31.166" errors="0" timestamp="2022-12-06T17:08:42 IST" skipped="0">
  <testcase classname="com.Blackthron.web.allScripts.class1" name="Lauchbrowser" time="31.166"/>
  <system-out/>
</testsuite> <!-- com.Blackthron.web.allScripts.class1 -->
