<?xml version="1.0" encoding="UTF-8"?>
<!-- Generated by org.testng.reporters.JUnitReportReporter -->
<testsuite hostname="DESKTOP-B1GDCRV" failures="0" tests="1" name="com.Blackthron.web.allScripts.class1" time="87.138" errors="0" timestamp="2023-01-19T18:23:46 IST" skipped="0">
  <testcase classname="com.Blackthron.web.allScripts.class1" name="Lauchbrowser" time="87.138"/>
  <system-out/>
</testsuite> <!-- com.Blackthron.web.allScripts.class1 -->
